Arguments: 
  /home/vinicius/.nvm/versions/node/v16.13.0/bin/node /home/vinicius/.nvm/versions/node/v16.13.0/bin/yarn global dir --json

PATH: 
  /home/vinicius/.zinit/polaris/bin:/home/vinicius/.nvm/versions/node/v16.13.0/bin:/usr/local/sbin:/usr/local/bin:/usr/sbin:/usr/bin:/sbin:/bin:/usr/games:/usr/local/games:/snap/bin:/home/vinicius/Android/Sdk/emulator:/home/vinicius/Android/Sdk/tools:/home/vinicius/Android/Sdk/tools/bin:/home/vinicius/Android/Sdk/platform-tools:/home/vinicius/android-studio/bin

Yarn version: 
  1.22.17

Node version: 
  16.13.0

Platform: 
  linux x64

Trace: 
  SyntaxError: /home/hdd/www/jstack/waiterapp-v2/api/package.json: Unexpected token } in JSON at position 146
      at JSON.parse (<anonymous>)
      at /home/vinicius/.nvm/versions/node/v16.13.0/lib/node_modules/yarn/lib/cli.js:1625:59
      at Generator.next (<anonymous>)
      at step (/home/vinicius/.nvm/versions/node/v16.13.0/lib/node_modules/yarn/lib/cli.js:310:30)
      at /home/vinicius/.nvm/versions/node/v16.13.0/lib/node_modules/yarn/lib/cli.js:321:13

npm manifest: 
  {
    "name": "api",
    "version": "1.0.0",
    "description": "",
    "main": "./src/server.ts",
    "scripts": {
      "dev": "tsx watch src/server.ts",
    },
    "keywords": [],
    "author": "",
    "license": "ISC",
    "devDependencies": {
      "tsx": "^3.12.6",
      "typescript": "^5.0.4"
    }
  }

yarn manifest: 
  No manifest

Lockfile: 
  No lockfile
